2023-12-09 20:58:02 [32minfo[39m: Server is running on port http://localhost:4000
2023-12-09 20:59:06 [32minfo[39m: Server is running on port http://localhost:4000
2023-12-10 00:52:42 [31merror[39m: The contract function "getTokenBalance" returned no data ("0x").

This could be due to any of the following:
  - The contract does not have the function "getTokenBalance",
  - The parameters passed to the contract function may be invalid, or
  - The address is not a contract.
 
Contract Call:
  address:   0x5f4eC3Df9cbd43714FE2740f5E3616155c5b8419
  function:  getTokenBalance(address holder)
  args:                     (0x5aB673AccA34F4F05E2766a7d9F362AaF1aBcB6a)

Docs: https://viem.sh/docs/contract/readContract.html
Version: viem@1.19.10
2023-12-10 00:58:39 [32minfo[39m: Balance of 0x5aB673AccA34F4F05E2766a7d9F362AaF1aBcB6a is 0
2023-12-11 16:00:38 [32minfo[39m: Server is running on port http://localhost:4000
2023-12-11 16:00:57 [32minfo[39m: Incoming request from IP: ::1 and User Agent: Mozilla/5.0 (Windows NT 10.0; Win64; x64) AppleWebKit/537.36 (KHTML, like Gecko) Chrome/119.0.0.0 Safari/537.36
2023-12-11 16:02:56 [32minfo[39m: Server is running on port http://localhost:4000
2023-12-11 16:03:04 [32minfo[39m: Incoming request from IP: ::1 and User Agent: Mozilla/5.0 (Windows NT 10.0; Win64; x64) AppleWebKit/537.36 (KHTML, like Gecko) Chrome/119.0.0.0 Safari/537.36
2023-12-11 16:11:39 [32minfo[39m: Server is running on port http://localhost:4000
2023-12-11 16:11:51 [32minfo[39m: File downloaded successfully:
2023-12-11 16:11:51 [31merror[39m: uncaughtException: filename must be a string
TypeError: filename must be a string
    at createparams (C:\Users\khiza\OneDrive\Desktop\AI Project\VoxaLink\server\node_modules\content-disposition\index.js:174:11)
    at contentDisposition (C:\Users\khiza\OneDrive\Desktop\AI Project\VoxaLink\server\node_modules\content-disposition\index.js:151:16)
    at ServerResponse.download (C:\Users\khiza\OneDrive\Desktop\AI Project\VoxaLink\server\node_modules\express\lib\response.js:574:28)
    at file:///C:/Users/khiza/OneDrive/Desktop/AI%20Project/VoxaLink/server/source/app.js:38:9
    at process.processTicksAndRejections (node:internal/process/task_queues:95:5)
2023-12-11 16:17:28 [32minfo[39m: Server is running on port http://localhost:4000
2023-12-11 16:17:34 [32minfo[39m: File downloaded successfully:
2023-12-11 16:18:05 [32minfo[39m: File downloaded successfully:
2023-12-11 16:21:12 [32minfo[39m: Server is running on port http://localhost:4000
2023-12-11 16:21:40 [32minfo[39m: Server is running on port http://localhost:4000
2023-12-11 16:21:53 [32minfo[39m: File downloaded successfully:
2023-12-11 16:22:16 [32minfo[39m: Server is running on port http://localhost:4000
2023-12-11 16:22:25 [32minfo[39m: File downloaded successfully:
2023-12-11 16:54:53 [32minfo[39m: Server is running on port http://localhost:4000
2023-12-11 16:54:54 [32minfo[39m: Balance of 0x5aB673AccA34F4F05E2766a7d9F362AaF1aBcB6a is 0
2023-12-11 16:55:44 [32minfo[39m: Incoming request from IP: ::1 and User Agent: Mozilla/5.0 (Windows NT 10.0; Win64; x64) AppleWebKit/537.36 (KHTML, like Gecko) Chrome/119.0.0.0 Safari/537.36
2023-12-11 16:56:38 [32minfo[39m: Server is running on port http://localhost:4000
2023-12-11 16:56:39 [32minfo[39m: Balance of 0x5aB673AccA34F4F05E2766a7d9F362AaF1aBcB6a is 0
2023-12-11 16:56:47 [32minfo[39m: Incoming request from IP: ::1 and User Agent: Mozilla/5.0 (Windows NT 10.0; Win64; x64) AppleWebKit/537.36 (KHTML, like Gecko) Chrome/119.0.0.0 Safari/537.36
2023-12-11 16:56:48 [32minfo[39m: File downloaded successfully:
